<?xml version="1.0" encoding="UTF-8"?>
<testng-results ignored="0" total="2" passed="2" failed="0" skipped="0">
  <reporter-output>
  </reporter-output>
  <suite started-at="2019-12-31T11:14:55 IST" name="com.bridgelabz.hubspot.test.LoginTest" finished-at="2019-12-31T11:15:41 IST" duration-ms="46098">
    <groups>
    </groups>
    <test started-at="2019-12-31T11:14:55 IST" name="Command line test" finished-at="2019-12-31T11:15:41 IST" duration-ms="46098">
      <class name="com.bridgelabz.hubspot.test.LoginTest">
        <test-method signature="loginTest()[pri:0, instance:com.bridgelabz.hubspot.test.LoginTest@10e92f8f]" started-at="2019-12-31T11:14:55 IST" name="loginTest" finished-at="2019-12-31T11:15:18 IST" duration-ms="22754" status="PASS">
          <reporter-output>
          </reporter-output>
        </test-method> <!-- loginTest -->
        <test-method signature="signUpTest()[pri:0, instance:com.bridgelabz.hubspot.test.LoginTest@10e92f8f]" started-at="2019-12-31T11:15:18 IST" name="signUpTest" finished-at="2019-12-31T11:15:41 IST" duration-ms="23320" status="PASS">
          <reporter-output>
          </reporter-output>
        </test-method> <!-- signUpTest -->
      </class> <!-- com.bridgelabz.hubspot.test.LoginTest -->
    </test> <!-- Command line test -->
  </suite> <!-- com.bridgelabz.hubspot.test.LoginTest -->
</testng-results>
