<?xml version="1.0" encoding="UTF-8"?>
<testng-results ignored="0" total="2" passed="2" failed="0" skipped="0">
  <reporter-output>
  </reporter-output>
  <suite started-at="2019-12-31T08:54:50 IST" name="Default suite" finished-at="2019-12-31T08:55:28 IST" duration-ms="37809">
    <groups>
    </groups>
    <test started-at="2019-12-31T08:54:50 IST" name="Default test" finished-at="2019-12-31T08:55:28 IST" duration-ms="37809">
      <class name="com.bridgelabz.hubspot.test.LoginTest">
        <test-method signature="loginTest()[pri:0, instance:com.bridgelabz.hubspot.test.LoginTest@117e949d]" started-at="2019-12-31T08:54:50 IST" name="loginTest" finished-at="2019-12-31T08:55:06 IST" duration-ms="15969" status="PASS">
          <reporter-output>
          </reporter-output>
        </test-method> <!-- loginTest -->
        <test-method signature="signUpTest()[pri:0, instance:com.bridgelabz.hubspot.test.LoginTest@117e949d]" started-at="2019-12-31T08:55:06 IST" name="signUpTest" finished-at="2019-12-31T08:55:28 IST" duration-ms="21810" status="PASS">
          <reporter-output>
          </reporter-output>
        </test-method> <!-- signUpTest -->
      </class> <!-- com.bridgelabz.hubspot.test.LoginTest -->
    </test> <!-- Default test -->
  </suite> <!-- Default suite -->
</testng-results>
